2025-12-21 18:25:49,458 [INFO] [logger.py:71] - 日志系统已启动 (Log system initialized).
2025-12-21 18:25:49,459 [INFO] [main.py:7] - 启动应用程序...
2025-12-21 18:25:49,579 [INFO] [pet_window.py:16] - 初始化 PetWindow...
2025-12-21 18:25:49,593 [INFO] [cultivator.py:157] - 数据已加载
2025-12-21 18:25:49,993 [DEBUG] [pet_window.py:293] - 切换状态: IDLE
2025-12-21 18:26:42,773 [DEBUG] [pet_window.py:293] - 切换状态: COMBAT
2025-12-21 18:26:44,773 [DEBUG] [pet_window.py:293] - 切换状态: IDLE
2025-12-21 18:26:47,559 [DEBUG] [pet_window.py:293] - 切换状态: ALCHEMY
2025-12-21 18:26:47,559 [INFO] [pet_window.py:91] - 开始闭关炼丹
2025-12-21 18:26:47,773 [WARNING] [pet_window.py:54] - 炼丹失败: APM过高 (60)
2025-12-21 18:26:47,773 [DEBUG] [pet_window.py:293] - 切换状态: COMBAT
2025-12-21 18:26:47,774 [DEBUG] [pet_window.py:293] - 切换状态: IDLE
2025-12-21 18:26:51,082 [DEBUG] [pet_window.py:293] - 切换状态: ALCHEMY
2025-12-21 18:26:51,088 [INFO] [pet_window.py:91] - 开始闭关炼丹
2025-12-21 18:26:51,773 [WARNING] [pet_window.py:54] - 炼丹失败: APM过高 (60)
2025-12-21 18:26:51,777 [DEBUG] [pet_window.py:293] - 切换状态: COMBAT
2025-12-21 18:26:51,778 [DEBUG] [pet_window.py:293] - 切换状态: IDLE
2025-12-21 18:26:53,084 [DEBUG] [pet_window.py:293] - 切换状态: ALCHEMY
2025-12-21 18:26:53,085 [INFO] [pet_window.py:91] - 开始闭关炼丹
2025-12-21 18:26:53,774 [WARNING] [pet_window.py:54] - 炼丹失败: APM过高 (60)
2025-12-21 18:26:53,774 [DEBUG] [pet_window.py:293] - 切换状态: COMBAT
2025-12-21 18:26:53,774 [DEBUG] [pet_window.py:293] - 切换状态: IDLE
2025-12-21 18:26:55,052 [DEBUG] [pet_window.py:293] - 切换状态: ALCHEMY
2025-12-21 18:26:55,053 [INFO] [pet_window.py:91] - 开始闭关炼丹
2025-12-21 18:26:55,774 [WARNING] [pet_window.py:54] - 炼丹失败: APM过高 (60)
2025-12-21 18:26:55,775 [DEBUG] [pet_window.py:293] - 切换状态: COMBAT
2025-12-21 18:26:55,775 [DEBUG] [pet_window.py:293] - 切换状态: IDLE
2025-12-21 18:27:02,760 [DEBUG] [pet_window.py:293] - 切换状态: ALCHEMY
2025-12-21 18:27:02,764 [INFO] [pet_window.py:91] - 开始闭关炼丹
2025-12-21 18:27:02,773 [WARNING] [pet_window.py:54] - 炼丹失败: APM过高 (60)
2025-12-21 18:27:02,774 [DEBUG] [pet_window.py:293] - 切换状态: COMBAT
2025-12-21 18:27:02,774 [DEBUG] [pet_window.py:293] - 切换状态: IDLE
2025-12-21 18:27:07,619 [DEBUG] [pet_window.py:293] - 切换状态: ALCHEMY
2025-12-21 18:27:07,619 [INFO] [pet_window.py:91] - 开始闭关炼丹
2025-12-21 18:27:07,774 [WARNING] [pet_window.py:54] - 炼丹失败: APM过高 (60)
2025-12-21 18:27:07,775 [DEBUG] [pet_window.py:293] - 切换状态: COMBAT
2025-12-21 18:27:07,775 [DEBUG] [pet_window.py:293] - 切换状态: IDLE
2025-12-21 18:27:13,774 [DEBUG] [pet_window.py:293] - 切换状态: COMBAT
2025-12-21 18:27:13,880 [DEBUG] [pet_window.py:293] - 切换状态: ALCHEMY
2025-12-21 18:27:13,880 [INFO] [pet_window.py:91] - 开始闭关炼丹
2025-12-21 18:27:23,774 [INFO] [pet_window.py:103] - 炼丹完成: 废丹
2025-12-21 18:27:23,781 [DEBUG] [pet_window.py:293] - 切换状态: IDLE
2025-12-21 18:27:32,480 [DEBUG] [pet_window.py:293] - 切换状态: ALCHEMY
2025-12-21 18:27:32,482 [INFO] [pet_window.py:91] - 开始闭关炼丹
2025-12-21 18:27:32,774 [WARNING] [pet_window.py:54] - 炼丹失败: APM过高 (60)
2025-12-21 18:27:32,775 [DEBUG] [pet_window.py:293] - 切换状态: COMBAT
2025-12-21 18:27:32,775 [DEBUG] [pet_window.py:293] - 切换状态: IDLE
2025-12-21 18:28:09,269 [DEBUG] [pet_window.py:293] - 切换状态: ALCHEMY
2025-12-21 18:28:09,274 [INFO] [pet_window.py:91] - 开始闭关炼丹
2025-12-21 18:28:09,774 [WARNING] [pet_window.py:54] - 炼丹失败: APM过高 (60)
2025-12-21 18:28:09,775 [DEBUG] [pet_window.py:293] - 切换状态: COMBAT
2025-12-21 18:28:09,775 [DEBUG] [pet_window.py:293] - 切换状态: IDLE
2025-12-21 18:28:11,924 [DEBUG] [pet_window.py:293] - 切换状态: ALCHEMY
2025-12-21 18:28:11,925 [INFO] [pet_window.py:91] - 开始闭关炼丹
2025-12-21 18:28:21,775 [INFO] [pet_window.py:106] - 炼丹成功: 聚气丹
2025-12-21 18:28:21,776 [DEBUG] [pet_window.py:293] - 切换状态: IDLE
2025-12-21 18:28:26,774 [DEBUG] [pet_window.py:293] - 切换状态: COMBAT
2025-12-21 18:28:27,776 [DEBUG] [pet_window.py:293] - 切换状态: IDLE
2025-12-21 18:28:28,774 [DEBUG] [pet_window.py:293] - 切换状态: COMBAT
2025-12-21 18:28:31,774 [DEBUG] [pet_window.py:293] - 切换状态: IDLE
2025-12-21 18:28:33,775 [DEBUG] [pet_window.py:293] - 切换状态: COMBAT
2025-12-21 18:28:34,775 [DEBUG] [pet_window.py:293] - 切换状态: IDLE
2025-12-21 18:28:35,775 [DEBUG] [pet_window.py:293] - 切换状态: COMBAT
2025-12-21 18:28:58,775 [DEBUG] [pet_window.py:293] - 切换状态: IDLE
2025-12-21 18:29:02,661 [DEBUG] [pet_window.py:293] - 切换状态: ALCHEMY
2025-12-21 18:29:02,662 [INFO] [pet_window.py:91] - 开始闭关炼丹
2025-12-21 18:29:02,775 [WARNING] [pet_window.py:54] - 炼丹失败: APM过高 (60)
2025-12-21 18:29:02,776 [DEBUG] [pet_window.py:293] - 切换状态: COMBAT
2025-12-21 18:29:02,776 [DEBUG] [pet_window.py:293] - 切换状态: IDLE
2025-12-21 18:29:07,624 [DEBUG] [pet_window.py:293] - 切换状态: ALCHEMY
2025-12-21 18:29:07,624 [INFO] [pet_window.py:91] - 开始闭关炼丹
2025-12-21 18:29:07,775 [WARNING] [pet_window.py:54] - 炼丹失败: APM过高 (60)
2025-12-21 18:29:07,776 [DEBUG] [pet_window.py:293] - 切换状态: COMBAT
2025-12-21 18:29:07,776 [DEBUG] [pet_window.py:293] - 切换状态: IDLE
2025-12-21 18:29:12,617 [DEBUG] [pet_window.py:293] - 切换状态: ALCHEMY
2025-12-21 18:29:12,619 [INFO] [pet_window.py:91] - 开始闭关炼丹
2025-12-21 18:29:12,775 [WARNING] [pet_window.py:54] - 炼丹失败: APM过高 (120)
2025-12-21 18:29:12,776 [DEBUG] [pet_window.py:293] - 切换状态: COMBAT
2025-12-21 18:29:13,775 [DEBUG] [pet_window.py:293] - 切换状态: IDLE
2025-12-21 18:29:31,775 [DEBUG] [pet_window.py:293] - 切换状态: COMBAT
2025-12-21 18:29:32,775 [DEBUG] [pet_window.py:293] - 切换状态: IDLE
2025-12-21 18:30:02,776 [DEBUG] [pet_window.py:293] - 切换状态: COMBAT
2025-12-21 18:30:03,776 [DEBUG] [pet_window.py:293] - 切换状态: IDLE
2025-12-21 18:30:05,777 [DEBUG] [pet_window.py:293] - 切换状态: COMBAT
2025-12-21 18:30:06,776 [DEBUG] [pet_window.py:293] - 切换状态: IDLE
2025-12-21 18:30:12,777 [DEBUG] [pet_window.py:293] - 切换状态: COMBAT
2025-12-21 18:30:13,775 [DEBUG] [pet_window.py:293] - 切换状态: IDLE
2025-12-21 18:30:14,776 [DEBUG] [pet_window.py:293] - 切换状态: COMBAT
2025-12-21 18:30:18,776 [DEBUG] [pet_window.py:293] - 切换状态: IDLE
2025-12-21 18:30:20,776 [DEBUG] [pet_window.py:293] - 切换状态: COMBAT
2025-12-21 18:30:26,776 [DEBUG] [pet_window.py:293] - 切换状态: IDLE
2025-12-21 18:30:28,777 [DEBUG] [pet_window.py:293] - 切换状态: COMBAT
2025-12-21 18:30:32,776 [DEBUG] [pet_window.py:293] - 切换状态: IDLE
2025-12-21 18:30:39,776 [DEBUG] [pet_window.py:293] - 切换状态: COMBAT
2025-12-21 18:30:54,777 [DEBUG] [pet_window.py:293] - 切换状态: IDLE
2025-12-21 18:30:55,777 [DEBUG] [pet_window.py:293] - 切换状态: COMBAT
2025-12-21 18:31:00,777 [DEBUG] [pet_window.py:293] - 切换状态: IDLE
2025-12-21 18:48:49,790 [DEBUG] [pet_window.py:293] - 切换状态: COMBAT
2025-12-21 18:48:50,791 [DEBUG] [pet_window.py:293] - 切换状态: IDLE
2025-12-21 18:48:52,790 [DEBUG] [pet_window.py:293] - 切换状态: COMBAT
2025-12-21 18:48:53,790 [DEBUG] [pet_window.py:293] - 切换状态: IDLE
2025-12-21 18:48:55,790 [DEBUG] [pet_window.py:293] - 切换状态: COMBAT
2025-12-21 18:49:02,791 [DEBUG] [pet_window.py:293] - 切换状态: IDLE
2025-12-21 18:49:05,790 [DEBUG] [pet_window.py:293] - 切换状态: COMBAT
2025-12-21 18:49:09,790 [DEBUG] [pet_window.py:293] - 切换状态: IDLE
2025-12-21 18:49:30,791 [DEBUG] [pet_window.py:293] - 切换状态: COMBAT
2025-12-21 18:49:32,791 [DEBUG] [pet_window.py:293] - 切换状态: IDLE
2025-12-21 18:50:11,791 [DEBUG] [pet_window.py:293] - 切换状态: COMBAT
2025-12-21 18:50:13,791 [DEBUG] [pet_window.py:293] - 切换状态: IDLE
2025-12-21 18:50:18,148 [INFO] [logger.py:71] - 日志系统已启动 (Log system initialized).
2025-12-21 18:50:18,148 [INFO] [main.py:8] - 启动应用程序...
2025-12-21 18:50:18,247 [INFO] [pet_window.py:16] - 初始化 PetWindow...
2025-12-21 18:50:18,253 [INFO] [cultivator.py:157] - 数据已加载
2025-12-21 18:50:18,285 [DEBUG] [pet_window.py:293] - 切换状态: IDLE
2025-12-21 18:50:24,292 [DEBUG] [pet_window.py:293] - 切换状态: COMBAT
2025-12-21 18:50:25,291 [DEBUG] [pet_window.py:293] - 切换状态: IDLE
2025-12-21 18:50:26,291 [DEBUG] [pet_window.py:293] - 切换状态: COMBAT
2025-12-21 18:50:27,291 [DEBUG] [pet_window.py:293] - 切换状态: IDLE
2025-12-21 18:50:33,292 [DEBUG] [pet_window.py:293] - 切换状态: COMBAT
2025-12-21 18:50:36,292 [DEBUG] [pet_window.py:293] - 切换状态: IDLE
2025-12-21 18:50:39,528 [INFO] [pet_window.py:114] - 程序关闭，保存数据...
2025-12-21 18:50:39,542 [INFO] [cultivator.py:134] - 数据已保存
2025-12-21 18:51:26,156 [INFO] [logger.py:71] - 日志系统已启动 (Log system initialized).
2025-12-21 18:51:26,156 [INFO] [main.py:8] - 启动应用程序...
2025-12-21 18:51:26,253 [INFO] [pet_window.py:16] - 初始化 PetWindow...
2025-12-21 18:51:26,258 [INFO] [cultivator.py:157] - 数据已加载
2025-12-21 18:51:26,282 [DEBUG] [pet_window.py:293] - 切换状态: IDLE
2025-12-21 18:51:28,971 [INFO] [pet_window.py:114] - 程序关闭，保存数据...
2025-12-21 18:51:28,980 [INFO] [cultivator.py:134] - 数据已保存
2025-12-21 18:51:31,094 [INFO] [logger.py:71] - 日志系统已启动 (Log system initialized).
2025-12-21 18:51:31,094 [INFO] [main.py:8] - 启动应用程序...
2025-12-21 18:51:31,189 [INFO] [pet_window.py:16] - 初始化 PetWindow...
2025-12-21 18:51:31,190 [INFO] [cultivator.py:157] - 数据已加载
2025-12-21 18:51:31,213 [DEBUG] [pet_window.py:293] - 切换状态: IDLE
2025-12-21 18:51:32,264 [DEBUG] [pet_window.py:293] - 切换状态: COMBAT
2025-12-21 18:51:33,292 [DEBUG] [pet_window.py:293] - 切换状态: IDLE
2025-12-21 18:51:34,293 [DEBUG] [pet_window.py:293] - 切换状态: COMBAT
2025-12-21 18:51:40,292 [DEBUG] [pet_window.py:293] - 切换状态: IDLE
2025-12-21 18:51:51,293 [DEBUG] [pet_window.py:293] - 切换状态: COMBAT
2025-12-21 18:51:58,293 [DEBUG] [pet_window.py:293] - 切换状态: IDLE
2025-12-21 18:52:09,293 [DEBUG] [pet_window.py:293] - 切换状态: COMBAT
2025-12-21 18:52:10,293 [DEBUG] [pet_window.py:293] - 切换状态: IDLE
2025-12-21 18:52:45,720 [INFO] [pet_window.py:114] - 程序关闭，保存数据...
2025-12-21 18:52:45,732 [INFO] [cultivator.py:134] - 数据已保存
2025-12-21 18:52:48,109 [INFO] [logger.py:71] - 日志系统已启动 (Log system initialized).
2025-12-21 18:52:48,109 [INFO] [main.py:10] - 启动应用程序...
2025-12-21 18:52:48,208 [INFO] [pet_window.py:16] - 初始化 PetWindow...
2025-12-21 18:52:48,212 [INFO] [cultivator.py:157] - 数据已加载
2025-12-21 18:52:48,245 [DEBUG] [pet_window.py:293] - 切换状态: IDLE
2025-12-21 18:52:56,144 [INFO] [main.py:25] - 用户强制退出 (SIGINT)
2025-12-21 18:52:56,148 [INFO] [pet_window.py:114] - 程序关闭，保存数据...
2025-12-21 18:52:56,160 [INFO] [cultivator.py:134] - 数据已保存
2025-12-21 19:22:11,386 [INFO] [logger.py:71] - 日志系统已启动 (Log system initialized).
2025-12-21 19:22:11,386 [INFO] [main.py:10] - 启动应用程序...
2025-12-21 19:22:11,494 [INFO] [pet_window.py:16] - 初始化 PetWindow...
2025-12-21 19:22:11,501 [INFO] [cultivator.py:180] - 数据已加载
2025-12-21 19:22:11,674 [DEBUG] [pet_window.py:312] - 切换状态: IDLE
2025-12-21 19:22:12,857 [CRITICAL] [logger.py:60] - 未捕获的异常 (Uncaught exception):
Traceback (most recent call last):
  File "/Volumes/home/mac/robin/bongo/src/pet_window.py", line 234, in enterEvent
    self.info_label.setText(f"【{self.cultivator.current_layer}】\n灵石: {self.cultivator.money} | APM: {self.monitor.get_apm_snapshot()}")
                                                                                                     ^^^^^^^^^^^^^^^^^^^^^^^^^^^^^
AttributeError: 'InputMonitor' object has no attribute 'get_apm_snapshot'
2025-12-21 19:22:14,659 [CRITICAL] [logger.py:60] - 未捕获的异常 (Uncaught exception):
Traceback (most recent call last):
  File "/Volumes/home/mac/robin/bongo/src/pet_window.py", line 276, in hide_notification
    self.enterEvent(None) # 重新触发一次 hover 刷新逻辑
    ^^^^^^^^^^^^^^^^^^^^^
  File "/Volumes/home/mac/robin/bongo/src/pet_window.py", line 234, in enterEvent
    self.info_label.setText(f"【{self.cultivator.current_layer}】\n灵石: {self.cultivator.money} | APM: {self.monitor.get_apm_snapshot()}")
                                                                                                     ^^^^^^^^^^^^^^^^^^^^^^^^^^^^^
AttributeError: 'InputMonitor' object has no attribute 'get_apm_snapshot'
2025-12-21 19:22:17,784 [CRITICAL] [logger.py:60] - 未捕获的异常 (Uncaught exception):
Traceback (most recent call last):
  File "/Volumes/home/mac/robin/bongo/src/pet_window.py", line 234, in enterEvent
    self.info_label.setText(f"【{self.cultivator.current_layer}】\n灵石: {self.cultivator.money} | APM: {self.monitor.get_apm_snapshot()}")
                                                                                                     ^^^^^^^^^^^^^^^^^^^^^^^^^^^^^
AttributeError: 'InputMonitor' object has no attribute 'get_apm_snapshot'
2025-12-21 19:22:25,570 [CRITICAL] [logger.py:60] - 未捕获的异常 (Uncaught exception):
Traceback (most recent call last):
  File "/Volumes/home/mac/robin/bongo/src/pet_window.py", line 234, in enterEvent
    self.info_label.setText(f"【{self.cultivator.current_layer}】\n灵石: {self.cultivator.money} | APM: {self.monitor.get_apm_snapshot()}")
                                                                                                     ^^^^^^^^^^^^^^^^^^^^^^^^^^^^^
AttributeError: 'InputMonitor' object has no attribute 'get_apm_snapshot'
2025-12-21 19:22:28,788 [CRITICAL] [logger.py:60] - 未捕获的异常 (Uncaught exception):
Traceback (most recent call last):
  File "/Volumes/home/mac/robin/bongo/src/pet_window.py", line 234, in enterEvent
    self.info_label.setText(f"【{self.cultivator.current_layer}】\n灵石: {self.cultivator.money} | APM: {self.monitor.get_apm_snapshot()}")
                                                                                                     ^^^^^^^^^^^^^^^^^^^^^^^^^^^^^
AttributeError: 'InputMonitor' object has no attribute 'get_apm_snapshot'
2025-12-21 19:22:28,822 [CRITICAL] [logger.py:60] - 未捕获的异常 (Uncaught exception):
Traceback (most recent call last):
  File "/Volumes/home/mac/robin/bongo/src/pet_window.py", line 234, in enterEvent
    self.info_label.setText(f"【{self.cultivator.current_layer}】\n灵石: {self.cultivator.money} | APM: {self.monitor.get_apm_snapshot()}")
                                                                                                     ^^^^^^^^^^^^^^^^^^^^^^^^^^^^^
AttributeError: 'InputMonitor' object has no attribute 'get_apm_snapshot'
2025-12-21 19:22:31,554 [CRITICAL] [logger.py:60] - 未捕获的异常 (Uncaught exception):
Traceback (most recent call last):
  File "/Volumes/home/mac/robin/bongo/src/pet_window.py", line 234, in enterEvent
    self.info_label.setText(f"【{self.cultivator.current_layer}】\n灵石: {self.cultivator.money} | APM: {self.monitor.get_apm_snapshot()}")
                                                                                                     ^^^^^^^^^^^^^^^^^^^^^^^^^^^^^
AttributeError: 'InputMonitor' object has no attribute 'get_apm_snapshot'
2025-12-21 19:22:32,848 [CRITICAL] [logger.py:60] - 未捕获的异常 (Uncaught exception):
Traceback (most recent call last):
  File "/Volumes/home/mac/robin/bongo/src/pet_window.py", line 234, in enterEvent
    self.info_label.setText(f"【{self.cultivator.current_layer}】\n灵石: {self.cultivator.money} | APM: {self.monitor.get_apm_snapshot()}")
                                                                                                     ^^^^^^^^^^^^^^^^^^^^^^^^^^^^^
AttributeError: 'InputMonitor' object has no attribute 'get_apm_snapshot'
2025-12-21 19:22:35,569 [CRITICAL] [logger.py:60] - 未捕获的异常 (Uncaught exception):
Traceback (most recent call last):
  File "/Volumes/home/mac/robin/bongo/src/pet_window.py", line 276, in hide_notification
    self.enterEvent(None) # 重新触发一次 hover 刷新逻辑
    ^^^^^^^^^^^^^^^^^^^^^
  File "/Volumes/home/mac/robin/bongo/src/pet_window.py", line 234, in enterEvent
    self.info_label.setText(f"【{self.cultivator.current_layer}】\n灵石: {self.cultivator.money} | APM: {self.monitor.get_apm_snapshot()}")
                                                                                                     ^^^^^^^^^^^^^^^^^^^^^^^^^^^^^
AttributeError: 'InputMonitor' object has no attribute 'get_apm_snapshot'
2025-12-21 19:22:35,806 [CRITICAL] [logger.py:60] - 未捕获的异常 (Uncaught exception):
Traceback (most recent call last):
  File "/Volumes/home/mac/robin/bongo/src/pet_window.py", line 276, in hide_notification
    self.enterEvent(None) # 重新触发一次 hover 刷新逻辑
    ^^^^^^^^^^^^^^^^^^^^^
  File "/Volumes/home/mac/robin/bongo/src/pet_window.py", line 234, in enterEvent
    self.info_label.setText(f"【{self.cultivator.current_layer}】\n灵石: {self.cultivator.money} | APM: {self.monitor.get_apm_snapshot()}")
                                                                                                     ^^^^^^^^^^^^^^^^^^^^^^^^^^^^^
AttributeError: 'InputMonitor' object has no attribute 'get_apm_snapshot'
2025-12-21 19:22:36,130 [CRITICAL] [logger.py:60] - 未捕获的异常 (Uncaught exception):
Traceback (most recent call last):
  File "/Volumes/home/mac/robin/bongo/src/pet_window.py", line 276, in hide_notification
    self.enterEvent(None) # 重新触发一次 hover 刷新逻辑
    ^^^^^^^^^^^^^^^^^^^^^
  File "/Volumes/home/mac/robin/bongo/src/pet_window.py", line 234, in enterEvent
    self.info_label.setText(f"【{self.cultivator.current_layer}】\n灵石: {self.cultivator.money} | APM: {self.monitor.get_apm_snapshot()}")
                                                                                                     ^^^^^^^^^^^^^^^^^^^^^^^^^^^^^
AttributeError: 'InputMonitor' object has no attribute 'get_apm_snapshot'
2025-12-21 19:22:36,159 [CRITICAL] [logger.py:60] - 未捕获的异常 (Uncaught exception):
Traceback (most recent call last):
  File "/Volumes/home/mac/robin/bongo/src/pet_window.py", line 276, in hide_notification
    self.enterEvent(None) # 重新触发一次 hover 刷新逻辑
    ^^^^^^^^^^^^^^^^^^^^^
  File "/Volumes/home/mac/robin/bongo/src/pet_window.py", line 234, in enterEvent
    self.info_label.setText(f"【{self.cultivator.current_layer}】\n灵石: {self.cultivator.money} | APM: {self.monitor.get_apm_snapshot()}")
                                                                                                     ^^^^^^^^^^^^^^^^^^^^^^^^^^^^^
AttributeError: 'InputMonitor' object has no attribute 'get_apm_snapshot'
2025-12-21 19:22:36,659 [CRITICAL] [logger.py:60] - 未捕获的异常 (Uncaught exception):
Traceback (most recent call last):
  File "/Volumes/home/mac/robin/bongo/src/pet_window.py", line 276, in hide_notification
    self.enterEvent(None) # 重新触发一次 hover 刷新逻辑
    ^^^^^^^^^^^^^^^^^^^^^
  File "/Volumes/home/mac/robin/bongo/src/pet_window.py", line 234, in enterEvent
    self.info_label.setText(f"【{self.cultivator.current_layer}】\n灵石: {self.cultivator.money} | APM: {self.monitor.get_apm_snapshot()}")
                                                                                                     ^^^^^^^^^^^^^^^^^^^^^^^^^^^^^
AttributeError: 'InputMonitor' object has no attribute 'get_apm_snapshot'
2025-12-21 19:22:36,785 [CRITICAL] [logger.py:60] - 未捕获的异常 (Uncaught exception):
Traceback (most recent call last):
  File "/Volumes/home/mac/robin/bongo/src/pet_window.py", line 276, in hide_notification
    self.enterEvent(None) # 重新触发一次 hover 刷新逻辑
    ^^^^^^^^^^^^^^^^^^^^^
  File "/Volumes/home/mac/robin/bongo/src/pet_window.py", line 234, in enterEvent
    self.info_label.setText(f"【{self.cultivator.current_layer}】\n灵石: {self.cultivator.money} | APM: {self.monitor.get_apm_snapshot()}")
                                                                                                     ^^^^^^^^^^^^^^^^^^^^^^^^^^^^^
AttributeError: 'InputMonitor' object has no attribute 'get_apm_snapshot'
2025-12-21 19:22:37,143 [CRITICAL] [logger.py:60] - 未捕获的异常 (Uncaught exception):
Traceback (most recent call last):
  File "/Volumes/home/mac/robin/bongo/src/pet_window.py", line 276, in hide_notification
    self.enterEvent(None) # 重新触发一次 hover 刷新逻辑
    ^^^^^^^^^^^^^^^^^^^^^
  File "/Volumes/home/mac/robin/bongo/src/pet_window.py", line 234, in enterEvent
    self.info_label.setText(f"【{self.cultivator.current_layer}】\n灵石: {self.cultivator.money} | APM: {self.monitor.get_apm_snapshot()}")
                                                                                                     ^^^^^^^^^^^^^^^^^^^^^^^^^^^^^
AttributeError: 'InputMonitor' object has no attribute 'get_apm_snapshot'
2025-12-21 19:22:37,160 [CRITICAL] [logger.py:60] - 未捕获的异常 (Uncaught exception):
Traceback (most recent call last):
  File "/Volumes/home/mac/robin/bongo/src/pet_window.py", line 276, in hide_notification
    self.enterEvent(None) # 重新触发一次 hover 刷新逻辑
    ^^^^^^^^^^^^^^^^^^^^^
  File "/Volumes/home/mac/robin/bongo/src/pet_window.py", line 234, in enterEvent
    self.info_label.setText(f"【{self.cultivator.current_layer}】\n灵石: {self.cultivator.money} | APM: {self.monitor.get_apm_snapshot()}")
                                                                                                     ^^^^^^^^^^^^^^^^^^^^^^^^^^^^^
AttributeError: 'InputMonitor' object has no attribute 'get_apm_snapshot'
2025-12-21 19:22:37,257 [CRITICAL] [logger.py:60] - 未捕获的异常 (Uncaught exception):
Traceback (most recent call last):
  File "/Volumes/home/mac/robin/bongo/src/pet_window.py", line 276, in hide_notification
    self.enterEvent(None) # 重新触发一次 hover 刷新逻辑
    ^^^^^^^^^^^^^^^^^^^^^
  File "/Volumes/home/mac/robin/bongo/src/pet_window.py", line 234, in enterEvent
    self.info_label.setText(f"【{self.cultivator.current_layer}】\n灵石: {self.cultivator.money} | APM: {self.monitor.get_apm_snapshot()}")
                                                                                                     ^^^^^^^^^^^^^^^^^^^^^^^^^^^^^
AttributeError: 'InputMonitor' object has no attribute 'get_apm_snapshot'
2025-12-21 19:22:37,605 [CRITICAL] [logger.py:60] - 未捕获的异常 (Uncaught exception):
Traceback (most recent call last):
  File "/Volumes/home/mac/robin/bongo/src/pet_window.py", line 276, in hide_notification
    self.enterEvent(None) # 重新触发一次 hover 刷新逻辑
    ^^^^^^^^^^^^^^^^^^^^^
  File "/Volumes/home/mac/robin/bongo/src/pet_window.py", line 234, in enterEvent
    self.info_label.setText(f"【{self.cultivator.current_layer}】\n灵石: {self.cultivator.money} | APM: {self.monitor.get_apm_snapshot()}")
                                                                                                     ^^^^^^^^^^^^^^^^^^^^^^^^^^^^^
AttributeError: 'InputMonitor' object has no attribute 'get_apm_snapshot'
2025-12-21 19:22:38,202 [CRITICAL] [logger.py:60] - 未捕获的异常 (Uncaught exception):
Traceback (most recent call last):
  File "/Volumes/home/mac/robin/bongo/src/pet_window.py", line 276, in hide_notification
    self.enterEvent(None) # 重新触发一次 hover 刷新逻辑
    ^^^^^^^^^^^^^^^^^^^^^
  File "/Volumes/home/mac/robin/bongo/src/pet_window.py", line 234, in enterEvent
    self.info_label.setText(f"【{self.cultivator.current_layer}】\n灵石: {self.cultivator.money} | APM: {self.monitor.get_apm_snapshot()}")
                                                                                                     ^^^^^^^^^^^^^^^^^^^^^^^^^^^^^
AttributeError: 'InputMonitor' object has no attribute 'get_apm_snapshot'
2025-12-21 19:22:38,305 [CRITICAL] [logger.py:60] - 未捕获的异常 (Uncaught exception):
Traceback (most recent call last):
  File "/Volumes/home/mac/robin/bongo/src/pet_window.py", line 276, in hide_notification
    self.enterEvent(None) # 重新触发一次 hover 刷新逻辑
    ^^^^^^^^^^^^^^^^^^^^^
  File "/Volumes/home/mac/robin/bongo/src/pet_window.py", line 234, in enterEvent
    self.info_label.setText(f"【{self.cultivator.current_layer}】\n灵石: {self.cultivator.money} | APM: {self.monitor.get_apm_snapshot()}")
                                                                                                     ^^^^^^^^^^^^^^^^^^^^^^^^^^^^^
AttributeError: 'InputMonitor' object has no attribute 'get_apm_snapshot'
2025-12-21 19:22:39,145 [CRITICAL] [logger.py:60] - 未捕获的异常 (Uncaught exception):
Traceback (most recent call last):
  File "/Volumes/home/mac/robin/bongo/src/pet_window.py", line 276, in hide_notification
    self.enterEvent(None) # 重新触发一次 hover 刷新逻辑
    ^^^^^^^^^^^^^^^^^^^^^
  File "/Volumes/home/mac/robin/bongo/src/pet_window.py", line 234, in enterEvent
    self.info_label.setText(f"【{self.cultivator.current_layer}】\n灵石: {self.cultivator.money} | APM: {self.monitor.get_apm_snapshot()}")
                                                                                                     ^^^^^^^^^^^^^^^^^^^^^^^^^^^^^
AttributeError: 'InputMonitor' object has no attribute 'get_apm_snapshot'
2025-12-21 19:22:39,659 [CRITICAL] [logger.py:60] - 未捕获的异常 (Uncaught exception):
Traceback (most recent call last):
  File "/Volumes/home/mac/robin/bongo/src/pet_window.py", line 276, in hide_notification
    self.enterEvent(None) # 重新触发一次 hover 刷新逻辑
    ^^^^^^^^^^^^^^^^^^^^^
  File "/Volumes/home/mac/robin/bongo/src/pet_window.py", line 234, in enterEvent
    self.info_label.setText(f"【{self.cultivator.current_layer}】\n灵石: {self.cultivator.money} | APM: {self.monitor.get_apm_snapshot()}")
                                                                                                     ^^^^^^^^^^^^^^^^^^^^^^^^^^^^^
AttributeError: 'InputMonitor' object has no attribute 'get_apm_snapshot'
2025-12-21 19:22:40,531 [CRITICAL] [logger.py:60] - 未捕获的异常 (Uncaught exception):
Traceback (most recent call last):
  File "/Volumes/home/mac/robin/bongo/src/pet_window.py", line 276, in hide_notification
    self.enterEvent(None) # 重新触发一次 hover 刷新逻辑
    ^^^^^^^^^^^^^^^^^^^^^
  File "/Volumes/home/mac/robin/bongo/src/pet_window.py", line 234, in enterEvent
    self.info_label.setText(f"【{self.cultivator.current_layer}】\n灵石: {self.cultivator.money} | APM: {self.monitor.get_apm_snapshot()}")
                                                                                                     ^^^^^^^^^^^^^^^^^^^^^^^^^^^^^
AttributeError: 'InputMonitor' object has no attribute 'get_apm_snapshot'
2025-12-21 19:22:43,703 [DEBUG] [pet_window.py:312] - 切换状态: ALCHEMY
2025-12-21 19:22:43,708 [CRITICAL] [logger.py:60] - 未捕获的异常 (Uncaught exception):
Traceback (most recent call last):
  File "/Volumes/home/mac/robin/bongo/src/pet_window.py", line 109, in start_alchemy
    self.set_state(PetState.ALCHEMY)
  File "/Volumes/home/mac/robin/bongo/src/pet_window.py", line 332, in set_state
    self.effect_widget.start_fire()
    ^^^^^^^^^^^^^^^^^^^^^^^^^^^^^
AttributeError: 'EffectWidget' object has no attribute 'start_fire'
2025-12-21 19:22:43,710 [CRITICAL] [logger.py:60] - 未捕获的异常 (Uncaught exception):
Traceback (most recent call last):
  File "/Volumes/home/mac/robin/bongo/src/pet_window.py", line 234, in enterEvent
    self.info_label.setText(f"【{self.cultivator.current_layer}】\n灵石: {self.cultivator.money} | APM: {self.monitor.get_apm_snapshot()}")
                                                                                                     ^^^^^^^^^^^^^^^^^^^^^^^^^^^^^
AttributeError: 'InputMonitor' object has no attribute 'get_apm_snapshot'
2025-12-21 19:22:43,721 [CRITICAL] [logger.py:60] - 未捕获的异常 (Uncaught exception):
Traceback (most recent call last):
  File "/Volumes/home/mac/robin/bongo/src/pet_window.py", line 234, in enterEvent
    self.info_label.setText(f"【{self.cultivator.current_layer}】\n灵石: {self.cultivator.money} | APM: {self.monitor.get_apm_snapshot()}")
                                                                                                     ^^^^^^^^^^^^^^^^^^^^^^^^^^^^^
AttributeError: 'InputMonitor' object has no attribute 'get_apm_snapshot'
2025-12-21 19:22:44,659 [CRITICAL] [logger.py:60] - 未捕获的异常 (Uncaught exception):
Traceback (most recent call last):
  File "/Volumes/home/mac/robin/bongo/src/pet_window.py", line 68, in game_loop
    self.set_state(PetState.ALCHEMY)
  File "/Volumes/home/mac/robin/bongo/src/pet_window.py", line 332, in set_state
    self.effect_widget.start_fire()
    ^^^^^^^^^^^^^^^^^^^^^^^^^^^^^
AttributeError: 'EffectWidget' object has no attribute 'start_fire'
2025-12-21 19:22:45,660 [CRITICAL] [logger.py:60] - 未捕获的异常 (Uncaught exception):
Traceback (most recent call last):
  File "/Volumes/home/mac/robin/bongo/src/pet_window.py", line 68, in game_loop
    self.set_state(PetState.ALCHEMY)
  File "/Volumes/home/mac/robin/bongo/src/pet_window.py", line 332, in set_state
    self.effect_widget.start_fire()
    ^^^^^^^^^^^^^^^^^^^^^^^^^^^^^
AttributeError: 'EffectWidget' object has no attribute 'start_fire'
2025-12-21 19:22:46,659 [CRITICAL] [logger.py:60] - 未捕获的异常 (Uncaught exception):
Traceback (most recent call last):
  File "/Volumes/home/mac/robin/bongo/src/pet_window.py", line 68, in game_loop
    self.set_state(PetState.ALCHEMY)
  File "/Volumes/home/mac/robin/bongo/src/pet_window.py", line 332, in set_state
    self.effect_widget.start_fire()
    ^^^^^^^^^^^^^^^^^^^^^^^^^^^^^
AttributeError: 'EffectWidget' object has no attribute 'start_fire'
2025-12-21 19:22:47,659 [WARNING] [pet_window.py:58] - 炼丹失败: APM过高 (60)
2025-12-21 19:22:47,660 [DEBUG] [pet_window.py:312] - 切换状态: COMBAT
2025-12-21 19:22:48,659 [DEBUG] [pet_window.py:312] - 切换状态: IDLE
2025-12-21 19:22:50,114 [DEBUG] [pet_window.py:312] - 切换状态: ALCHEMY
2025-12-21 19:22:50,116 [CRITICAL] [logger.py:60] - 未捕获的异常 (Uncaught exception):
Traceback (most recent call last):
  File "/Volumes/home/mac/robin/bongo/src/pet_window.py", line 109, in start_alchemy
    self.set_state(PetState.ALCHEMY)
  File "/Volumes/home/mac/robin/bongo/src/pet_window.py", line 332, in set_state
    self.effect_widget.start_fire()
    ^^^^^^^^^^^^^^^^^^^^^^^^^^^^^
AttributeError: 'EffectWidget' object has no attribute 'start_fire'
2025-12-21 19:22:50,117 [CRITICAL] [logger.py:60] - 未捕获的异常 (Uncaught exception):
Traceback (most recent call last):
  File "/Volumes/home/mac/robin/bongo/src/pet_window.py", line 234, in enterEvent
    self.info_label.setText(f"【{self.cultivator.current_layer}】\n灵石: {self.cultivator.money} | APM: {self.monitor.get_apm_snapshot()}")
                                                                                                     ^^^^^^^^^^^^^^^^^^^^^^^^^^^^^
AttributeError: 'InputMonitor' object has no attribute 'get_apm_snapshot'
2025-12-21 19:22:50,132 [CRITICAL] [logger.py:60] - 未捕获的异常 (Uncaught exception):
Traceback (most recent call last):
  File "/Volumes/home/mac/robin/bongo/src/pet_window.py", line 234, in enterEvent
    self.info_label.setText(f"【{self.cultivator.current_layer}】\n灵石: {self.cultivator.money} | APM: {self.monitor.get_apm_snapshot()}")
                                                                                                     ^^^^^^^^^^^^^^^^^^^^^^^^^^^^^
AttributeError: 'InputMonitor' object has no attribute 'get_apm_snapshot'
2025-12-21 19:22:50,659 [WARNING] [pet_window.py:58] - 炼丹失败: APM过高 (60)
2025-12-21 19:22:50,660 [DEBUG] [pet_window.py:312] - 切换状态: COMBAT
2025-12-21 19:22:51,659 [DEBUG] [pet_window.py:312] - 切换状态: IDLE
2025-12-21 19:22:57,621 [CRITICAL] [logger.py:60] - 未捕获的异常 (Uncaught exception):
Traceback (most recent call last):
  File "/Volumes/home/mac/robin/bongo/src/pet_window.py", line 234, in enterEvent
    self.info_label.setText(f"【{self.cultivator.current_layer}】\n灵石: {self.cultivator.money} | APM: {self.monitor.get_apm_snapshot()}")
                                                                                                     ^^^^^^^^^^^^^^^^^^^^^^^^^^^^^
AttributeError: 'InputMonitor' object has no attribute 'get_apm_snapshot'
2025-12-21 19:23:02,659 [DEBUG] [pet_window.py:312] - 切换状态: COMBAT
2025-12-21 19:23:06,643 [CRITICAL] [logger.py:60] - 未捕获的异常 (Uncaught exception):
Traceback (most recent call last):
  File "/Volumes/home/mac/robin/bongo/src/pet_window.py", line 234, in enterEvent
    self.info_label.setText(f"【{self.cultivator.current_layer}】\n灵石: {self.cultivator.money} | APM: {self.monitor.get_apm_snapshot()}")
                                                                                                     ^^^^^^^^^^^^^^^^^^^^^^^^^^^^^
AttributeError: 'InputMonitor' object has no attribute 'get_apm_snapshot'
2025-12-21 19:23:06,659 [DEBUG] [pet_window.py:312] - 切换状态: IDLE
2025-12-21 19:23:08,387 [CRITICAL] [logger.py:60] - 未捕获的异常 (Uncaught exception):
Traceback (most recent call last):
  File "/Volumes/home/mac/robin/bongo/src/pet_window.py", line 234, in enterEvent
    self.info_label.setText(f"【{self.cultivator.current_layer}】\n灵石: {self.cultivator.money} | APM: {self.monitor.get_apm_snapshot()}")
                                                                                                     ^^^^^^^^^^^^^^^^^^^^^^^^^^^^^
AttributeError: 'InputMonitor' object has no attribute 'get_apm_snapshot'
2025-12-21 19:23:12,841 [CRITICAL] [logger.py:60] - 未捕获的异常 (Uncaught exception):
Traceback (most recent call last):
  File "/Volumes/home/mac/robin/bongo/src/pet_window.py", line 234, in enterEvent
    self.info_label.setText(f"【{self.cultivator.current_layer}】\n灵石: {self.cultivator.money} | APM: {self.monitor.get_apm_snapshot()}")
                                                                                                     ^^^^^^^^^^^^^^^^^^^^^^^^^^^^^
AttributeError: 'InputMonitor' object has no attribute 'get_apm_snapshot'
2025-12-21 19:23:17,659 [DEBUG] [pet_window.py:312] - 切换状态: COMBAT
2025-12-21 19:23:35,660 [DEBUG] [pet_window.py:312] - 切换状态: IDLE
2025-12-21 19:23:44,031 [INFO] [pet_window.py:133] - 程序关闭，保存数据...
2025-12-21 19:23:44,047 [INFO] [cultivator.py:157] - 数据已保存
2025-12-21 19:25:10,992 [INFO] [logger.py:71] - 日志系统已启动 (Log system initialized).
2025-12-21 19:25:10,993 [INFO] [main.py:10] - 启动应用程序...
2025-12-21 19:25:11,113 [INFO] [pet_window.py:16] - 初始化 PetWindow...
2025-12-21 19:25:11,119 [INFO] [cultivator.py:180] - 数据已加载
2025-12-21 19:25:11,170 [DEBUG] [pet_window.py:312] - 切换状态: IDLE
2025-12-21 19:25:28,354 [INFO] [pet_window.py:133] - 程序关闭，保存数据...
2025-12-21 19:25:28,366 [INFO] [cultivator.py:157] - 数据已保存
2025-12-21 19:25:30,028 [INFO] [logger.py:71] - 日志系统已启动 (Log system initialized).
2025-12-21 19:25:30,028 [INFO] [main.py:10] - 启动应用程序...
2025-12-21 19:25:30,128 [INFO] [pet_window.py:16] - 初始化 PetWindow...
2025-12-21 19:25:30,129 [INFO] [cultivator.py:180] - 数据已加载
2025-12-21 19:25:30,151 [DEBUG] [pet_window.py:312] - 切换状态: IDLE
2025-12-21 19:26:44,960 [INFO] [main.py:25] - 用户强制退出 (SIGINT)
2025-12-21 19:26:44,964 [INFO] [pet_window.py:133] - 程序关闭，保存数据...
2025-12-21 19:26:44,972 [INFO] [cultivator.py:157] - 数据已保存
2025-12-21 19:35:24,959 [INFO] [logger.py:71] - 日志系统已启动 (Log system initialized).
2025-12-21 19:35:24,978 [INFO] [main.py:10] - 启动应用程序...
2025-12-21 19:35:25,089 [INFO] [pet_window.py:16] - 初始化 PetWindow...
2025-12-21 19:35:25,093 [INFO] [item_manager.py:39] - 成功加载物品数据库，共 52 种物品。
2025-12-21 19:35:25,097 [INFO] [cultivator.py:296] - 数据已加载
2025-12-21 19:35:25,133 [DEBUG] [pet_window.py:320] - 切换状态: IDLE
2025-12-21 19:35:57,693 [DEBUG] [pet_window.py:320] - 切换状态: ALCHEMY
2025-12-21 19:35:57,698 [INFO] [pet_window.py:110] - 开始闭关炼丹
2025-12-21 19:35:58,160 [WARNING] [pet_window.py:58] - 炼丹失败: APM过高 (60)
2025-12-21 19:35:58,161 [DEBUG] [pet_window.py:320] - 切换状态: COMBAT
2025-12-21 19:35:59,159 [DEBUG] [pet_window.py:320] - 切换状态: IDLE
2025-12-21 19:36:06,299 [DEBUG] [pet_window.py:320] - 切换状态: ALCHEMY
2025-12-21 19:36:06,302 [INFO] [pet_window.py:110] - 开始闭关炼丹
2025-12-21 19:36:07,159 [WARNING] [pet_window.py:58] - 炼丹失败: APM过高 (60)
2025-12-21 19:36:07,160 [DEBUG] [pet_window.py:320] - 切换状态: COMBAT
2025-12-21 19:36:10,159 [DEBUG] [pet_window.py:320] - 切换状态: IDLE
2025-12-21 19:36:12,679 [DEBUG] [pet_window.py:320] - 切换状态: ALCHEMY
2025-12-21 19:36:12,680 [INFO] [pet_window.py:110] - 开始闭关炼丹
2025-12-21 19:36:13,160 [WARNING] [pet_window.py:58] - 炼丹失败: APM过高 (60)
2025-12-21 19:36:13,161 [DEBUG] [pet_window.py:320] - 切换状态: COMBAT
2025-12-21 19:36:16,159 [DEBUG] [pet_window.py:320] - 切换状态: IDLE
2025-12-21 19:37:37,509 [INFO] [pet_window.py:141] - 程序关闭，保存数据...
2025-12-21 19:37:37,522 [INFO] [cultivator.py:273] - 数据已保存
2025-12-21 19:37:45,487 [INFO] [logger.py:71] - 日志系统已启动 (Log system initialized).
2025-12-21 19:37:45,491 [INFO] [main.py:10] - 启动应用程序...
2025-12-21 19:37:45,591 [INFO] [pet_window.py:16] - 初始化 PetWindow...
2025-12-21 19:37:45,595 [INFO] [item_manager.py:39] - 成功加载物品数据库，共 52 种物品。
2025-12-21 19:37:45,595 [INFO] [cultivator.py:296] - 数据已加载
2025-12-21 19:37:45,625 [DEBUG] [pet_window.py:323] - 切换状态: IDLE
2025-12-21 19:38:00,663 [DEBUG] [pet_window.py:323] - 切换状态: COMBAT
2025-12-21 19:38:03,662 [DEBUG] [pet_window.py:323] - 切换状态: IDLE
2025-12-21 19:38:05,664 [DEBUG] [pet_window.py:323] - 切换状态: COMBAT
2025-12-21 19:38:09,661 [DEBUG] [pet_window.py:323] - 切换状态: IDLE
2025-12-21 19:38:29,902 [INFO] [pet_window.py:144] - 程序关闭，保存数据...
2025-12-21 19:38:29,917 [INFO] [cultivator.py:273] - 数据已保存
2025-12-21 19:39:44,849 [INFO] [logger.py:71] - 日志系统已启动 (Log system initialized).
2025-12-21 19:39:44,853 [INFO] [main.py:10] - 启动应用程序...
2025-12-21 19:39:44,949 [INFO] [pet_window.py:16] - 初始化 PetWindow...
2025-12-21 19:39:44,951 [INFO] [item_manager.py:39] - 成功加载物品数据库，共 52 种物品。
2025-12-21 19:39:44,953 [INFO] [cultivator.py:296] - 数据已加载
2025-12-21 19:39:44,979 [DEBUG] [pet_window.py:350] - 切换状态: IDLE
2025-12-21 19:39:53,682 [INFO] [pet_window.py:171] - 程序关闭，保存数据...
2025-12-21 19:39:53,697 [INFO] [cultivator.py:273] - 数据已保存
2025-12-21 19:40:51,539 [INFO] [logger.py:71] - 日志系统已启动 (Log system initialized).
2025-12-21 19:40:51,542 [INFO] [main.py:10] - 启动应用程序...
2025-12-21 19:40:51,639 [INFO] [pet_window.py:16] - 初始化 PetWindow...
2025-12-21 19:40:51,643 [INFO] [item_manager.py:39] - 成功加载物品数据库，共 52 种物品。
2025-12-21 19:40:51,644 [INFO] [cultivator.py:296] - 数据已加载
2025-12-21 19:40:51,668 [DEBUG] [pet_window.py:348] - 切换状态: IDLE
2025-12-21 19:41:12,659 [DEBUG] [pet_window.py:348] - 切换状态: COMBAT
2025-12-21 19:41:13,011 [INFO] [logger.py:71] - 日志系统已启动 (Log system initialized).
2025-12-21 19:41:13,012 [INFO] [main.py:10] - 启动应用程序...
2025-12-21 19:41:13,106 [INFO] [pet_window.py:16] - 初始化 PetWindow...
2025-12-21 19:41:13,109 [INFO] [item_manager.py:39] - 成功加载物品数据库，共 52 种物品。
2025-12-21 19:41:13,112 [INFO] [cultivator.py:296] - 数据已加载
2025-12-21 19:41:13,136 [DEBUG] [pet_window.py:348] - 切换状态: IDLE
2025-12-21 19:41:14,660 [DEBUG] [pet_window.py:348] - 切换状态: IDLE
2025-12-21 19:41:23,679 [INFO] [pet_window.py:168] - 程序关闭，保存数据...
2025-12-21 19:41:23,693 [INFO] [cultivator.py:273] - 数据已保存
2025-12-21 19:41:57,425 [INFO] [pet_window.py:168] - 程序关闭，保存数据...
2025-12-21 19:41:57,442 [INFO] [cultivator.py:273] - 数据已保存
2025-12-21 19:42:52,790 [INFO] [logger.py:71] - 日志系统已启动 (Log system initialized).
2025-12-21 19:42:52,793 [INFO] [main.py:10] - 启动应用程序...
2025-12-21 19:42:52,882 [INFO] [pet_window.py:16] - 初始化 PetWindow...
2025-12-21 19:42:52,884 [INFO] [item_manager.py:39] - 成功加载物品数据库，共 52 种物品。
2025-12-21 19:42:52,884 [INFO] [cultivator.py:296] - 数据已加载
2025-12-21 19:42:52,908 [DEBUG] [pet_window.py:351] - 切换状态: IDLE
2025-12-21 19:42:59,166 [DEBUG] [pet_window.py:351] - 切换状态: COMBAT
2025-12-21 19:43:04,161 [DEBUG] [pet_window.py:351] - 切换状态: IDLE
2025-12-21 19:43:08,565 [INFO] [pet_window.py:171] - 程序关闭，保存数据...
2025-12-21 19:43:08,578 [INFO] [cultivator.py:273] - 数据已保存
2025-12-21 19:44:16,521 [INFO] [logger.py:71] - 日志系统已启动 (Log system initialized).
2025-12-21 19:44:16,524 [INFO] [main.py:10] - 启动应用程序...
2025-12-21 19:44:16,626 [INFO] [pet_window.py:16] - 初始化 PetWindow...
2025-12-21 19:44:16,630 [INFO] [item_manager.py:39] - 成功加载物品数据库，共 52 种物品。
2025-12-21 19:44:16,630 [INFO] [cultivator.py:296] - 数据已加载
2025-12-21 19:44:16,654 [DEBUG] [pet_window.py:349] - 切换状态: IDLE
2025-12-21 19:46:13,764 [INFO] [logger.py:71] - 日志系统已启动 (Log system initialized).
2025-12-21 19:46:13,771 [INFO] [main.py:10] - 启动应用程序...
2025-12-21 19:46:13,875 [INFO] [pet_window.py:16] - 初始化 PetWindow...
2025-12-21 19:46:13,881 [INFO] [item_manager.py:39] - 成功加载物品数据库，共 52 种物品。
2025-12-21 19:46:13,882 [INFO] [cultivator.py:344] - 数据已加载
2025-12-21 19:46:13,909 [DEBUG] [pet_window.py:349] - 切换状态: IDLE
2025-12-21 19:46:25,000 [INFO] [pet_window.py:168] - 程序关闭，保存数据...
2025-12-21 19:46:25,011 [INFO] [cultivator.py:273] - 数据已保存
2025-12-21 19:48:07,159 [DEBUG] [pet_window.py:349] - 切换状态: COMBAT
2025-12-21 19:48:17,160 [DEBUG] [pet_window.py:349] - 切换状态: IDLE
2025-12-21 19:49:18,159 [DEBUG] [pet_window.py:349] - 切换状态: COMBAT
2025-12-21 19:49:20,160 [DEBUG] [pet_window.py:349] - 切换状态: IDLE
2025-12-21 19:52:57,628 [INFO] [logger.py:71] - 日志系统已启动 (Log system initialized).
2025-12-21 19:52:57,635 [INFO] [main.py:10] - 启动应用程序...
2025-12-21 19:52:57,735 [INFO] [pet_window.py:16] - 初始化 PetWindow...
2025-12-21 19:52:57,740 [INFO] [item_manager.py:39] - 成功加载物品数据库，共 52 种物品。
2025-12-21 19:52:57,744 [INFO] [cultivator.py:344] - 数据已加载
2025-12-21 19:52:57,805 [DEBUG] [pet_window.py:349] - 切换状态: IDLE
2025-12-21 19:53:01,660 [DEBUG] [pet_window.py:349] - 切换状态: COMBAT
2025-12-21 19:53:01,730 [INFO] [main.py:25] - 用户强制退出 (SIGINT)
2025-12-21 19:53:01,730 [INFO] [pet_window.py:168] - 程序关闭，保存数据...
2025-12-21 19:53:01,741 [INFO] [cultivator.py:321] - 数据已保存
2025-12-21 19:53:02,159 [DEBUG] [pet_window.py:349] - 切换状态: COMBAT
2025-12-21 19:53:19,160 [DEBUG] [pet_window.py:349] - 切换状态: IDLE
2025-12-21 19:54:40,592 [INFO] [logger.py:71] - 日志系统已启动 (Log system initialized).
2025-12-21 19:54:40,611 [CRITICAL] [logger.py:60] - 未捕获的异常 (Uncaught exception):
Traceback (most recent call last):
  File "/Volumes/home/mac/robin/bongo/main.py", line 9, in <module>
    import sysignal
ModuleNotFoundError: No module named 'sysignal'
2025-12-21 19:54:52,765 [INFO] [logger.py:71] - 日志系统已启动 (Log system initialized).
2025-12-21 19:54:52,769 [INFO] [main.py:12] - 启动应用程序...
2025-12-21 19:54:52,866 [INFO] [pet_window.py:16] - 初始化 PetWindow...
2025-12-21 19:54:52,871 [INFO] [item_manager.py:39] - 成功加载物品数据库，共 52 种物品。
2025-12-21 19:54:52,873 [INFO] [cultivator.py:344] - 数据已加载
2025-12-21 19:54:52,897 [DEBUG] [pet_window.py:385] - 切换状态: IDLE
2025-12-21 19:54:52,897 [CRITICAL] [logger.py:60] - 未捕获的异常 (Uncaught exception):
Traceback (most recent call last):
  File "/Volumes/home/mac/robin/bongo/main.py", line 40, in <module>
    main()
  File "/Volumes/home/mac/robin/bongo/main.py", line 17, in main
    pet = PetWindow()
          ^^^^^^^^^^^
  File "/Volumes/home/mac/robin/bongo/src/pet_window.py", line 27, in __init__
    self.load_assets()
  File "/Volumes/home/mac/robin/bongo/src/pet_window.py", line 377, in load_assets
    self.set_state(PetState.IDLE)
  File "/Volumes/home/mac/robin/bongo/src/pet_window.py", line 388, in set_state
    self.image_label.setPixmap(pixmap)
    ^^^^^^^^^^^^^^^^
AttributeError: 'PetWindow' object has no attribute 'image_label'
2025-12-21 19:55:09,541 [INFO] [logger.py:71] - 日志系统已启动 (Log system initialized).
2025-12-21 19:55:09,544 [INFO] [main.py:12] - 启动应用程序...
2025-12-21 19:55:09,638 [INFO] [pet_window.py:16] - 初始化 PetWindow...
2025-12-21 19:55:09,640 [INFO] [item_manager.py:39] - 成功加载物品数据库，共 52 种物品。
2025-12-21 19:55:09,640 [INFO] [cultivator.py:344] - 数据已加载
2025-12-21 19:55:09,666 [DEBUG] [pet_window.py:385] - 切换状态: IDLE
2025-12-21 19:55:09,666 [CRITICAL] [logger.py:60] - 未捕获的异常 (Uncaught exception):
Traceback (most recent call last):
  File "/Volumes/home/mac/robin/bongo/main.py", line 40, in <module>
    main()
  File "/Volumes/home/mac/robin/bongo/main.py", line 17, in main
    pet = PetWindow()
          ^^^^^^^^^^^
  File "/Volumes/home/mac/robin/bongo/src/pet_window.py", line 27, in __init__
    self.load_assets()
  File "/Volumes/home/mac/robin/bongo/src/pet_window.py", line 377, in load_assets
    self.set_state(PetState.IDLE)
  File "/Volumes/home/mac/robin/bongo/src/pet_window.py", line 388, in set_state
    self.image_label.setPixmap(pixmap)
    ^^^^^^^^^^^^^^^^
AttributeError: 'PetWindow' object has no attribute 'image_label'
2025-12-21 19:55:22,029 [INFO] [logger.py:71] - 日志系统已启动 (Log system initialized).
2025-12-21 19:55:22,034 [INFO] [main.py:12] - 启动应用程序...
2025-12-21 19:55:22,126 [INFO] [pet_window.py:16] - 初始化 PetWindow...
2025-12-21 19:55:22,128 [INFO] [item_manager.py:39] - 成功加载物品数据库，共 52 种物品。
2025-12-21 19:55:22,128 [INFO] [cultivator.py:344] - 数据已加载
2025-12-21 19:55:22,150 [DEBUG] [pet_window.py:385] - 切换状态: IDLE
2025-12-21 19:55:22,150 [CRITICAL] [logger.py:60] - 未捕获的异常 (Uncaught exception):
Traceback (most recent call last):
  File "/Volumes/home/mac/robin/bongo/main.py", line 40, in <module>
    main()
  File "/Volumes/home/mac/robin/bongo/main.py", line 17, in main
    pet = PetWindow()
          ^^^^^^^^^^^
  File "/Volumes/home/mac/robin/bongo/src/pet_window.py", line 27, in __init__
    self.load_assets() # 再加载资源
    ^^^^^^^^^^^^^^^^^^
  File "/Volumes/home/mac/robin/bongo/src/pet_window.py", line 377, in load_assets
    self.set_state(PetState.IDLE)
  File "/Volumes/home/mac/robin/bongo/src/pet_window.py", line 388, in set_state
    self.image_label.setPixmap(pixmap)
    ^^^^^^^^^^^^^^^^
AttributeError: 'PetWindow' object has no attribute 'image_label'
2025-12-21 19:55:30,392 [INFO] [logger.py:71] - 日志系统已启动 (Log system initialized).
2025-12-21 19:55:30,395 [INFO] [main.py:12] - 启动应用程序...
2025-12-21 19:55:30,490 [INFO] [pet_window.py:16] - 初始化 PetWindow...
2025-12-21 19:55:30,492 [INFO] [item_manager.py:39] - 成功加载物品数据库，共 52 种物品。
2025-12-21 19:55:30,492 [INFO] [cultivator.py:344] - 数据已加载
2025-12-21 19:55:30,513 [DEBUG] [pet_window.py:385] - 切换状态: IDLE
2025-12-21 19:55:30,513 [CRITICAL] [logger.py:60] - 未捕获的异常 (Uncaught exception):
Traceback (most recent call last):
  File "/Volumes/home/mac/robin/bongo/main.py", line 40, in <module>
    main()
  File "/Volumes/home/mac/robin/bongo/main.py", line 17, in main
    pet = PetWindow()
          ^^^^^^^^^^^
  File "/Volumes/home/mac/robin/bongo/src/pet_window.py", line 27, in __init__
    self.load_assets() # 再加载资源
    ^^^^^^^^^^^^^^^^^^
  File "/Volumes/home/mac/robin/bongo/src/pet_window.py", line 377, in load_assets
    self.set_state(PetState.IDLE)
  File "/Volumes/home/mac/robin/bongo/src/pet_window.py", line 388, in set_state
    self.image_label.setPixmap(pixmap)
    ^^^^^^^^^^^^^^^^
AttributeError: 'PetWindow' object has no attribute 'image_label'
2025-12-21 19:55:43,334 [INFO] [logger.py:71] - 日志系统已启动 (Log system initialized).
2025-12-21 19:55:43,338 [INFO] [main.py:12] - 启动应用程序...
2025-12-21 19:55:43,428 [INFO] [pet_window.py:16] - 初始化 PetWindow...
2025-12-21 19:55:43,430 [INFO] [item_manager.py:39] - 成功加载物品数据库，共 52 种物品。
2025-12-21 19:55:43,436 [INFO] [cultivator.py:344] - 数据已加载
2025-12-21 19:55:43,454 [DEBUG] [pet_window.py:386] - 切换状态: IDLE
2025-12-21 19:55:43,454 [CRITICAL] [logger.py:60] - 未捕获的异常 (Uncaught exception):
Traceback (most recent call last):
  File "/Volumes/home/mac/robin/bongo/main.py", line 40, in <module>
    main()
  File "/Volumes/home/mac/robin/bongo/main.py", line 17, in main
    pet = PetWindow()
          ^^^^^^^^^^^
  File "/Volumes/home/mac/robin/bongo/src/pet_window.py", line 28, in __init__
    self.load_assets() # 再加载资源
    ^^^^^^^^^^^^^^^^^^
  File "/Volumes/home/mac/robin/bongo/src/pet_window.py", line 378, in load_assets
    self.set_state(PetState.IDLE)
  File "/Volumes/home/mac/robin/bongo/src/pet_window.py", line 389, in set_state
    self.image_label.setPixmap(pixmap)
    ^^^^^^^^^^^^^^^^
AttributeError: 'PetWindow' object has no attribute 'image_label'
2025-12-21 19:56:03,188 [INFO] [logger.py:71] - 日志系统已启动 (Log system initialized).
2025-12-21 19:56:03,193 [INFO] [main.py:12] - 启动应用程序...
2025-12-21 19:56:03,285 [INFO] [pet_window.py:16] - 初始化 PetWindow...
2025-12-21 19:56:03,287 [INFO] [item_manager.py:39] - 成功加载物品数据库，共 52 种物品。
2025-12-21 19:56:03,293 [INFO] [cultivator.py:344] - 数据已加载
2025-12-21 19:56:03,308 [DEBUG] [pet_window.py:385] - 切换状态: IDLE
2025-12-21 19:56:03,308 [CRITICAL] [logger.py:60] - 未捕获的异常 (Uncaught exception):
Traceback (most recent call last):
  File "/Volumes/home/mac/robin/bongo/main.py", line 40, in <module>
    main()
  File "/Volumes/home/mac/robin/bongo/main.py", line 17, in main
    pet = PetWindow()
          ^^^^^^^^^^^
  File "/Volumes/home/mac/robin/bongo/src/pet_window.py", line 27, in __init__
    self.load_assets() # 再加载资源
    ^^^^^^^^^^^^^^^^^^
  File "/Volumes/home/mac/robin/bongo/src/pet_window.py", line 377, in load_assets
    self.set_state(PetState.IDLE)
  File "/Volumes/home/mac/robin/bongo/src/pet_window.py", line 388, in set_state
    self.image_label.setPixmap(pixmap)
    ^^^^^^^^^^^^^^^^
AttributeError: 'PetWindow' object has no attribute 'image_label'
2025-12-21 19:56:18,212 [INFO] [logger.py:71] - 日志系统已启动 (Log system initialized).
2025-12-21 19:56:18,216 [INFO] [main.py:12] - 启动应用程序...
2025-12-21 19:56:18,310 [INFO] [pet_window.py:16] - 初始化 PetWindow...
2025-12-21 19:56:18,312 [INFO] [item_manager.py:39] - 成功加载物品数据库，共 52 种物品。
2025-12-21 19:56:18,317 [INFO] [cultivator.py:344] - 数据已加载
2025-12-21 19:56:18,338 [DEBUG] [pet_window.py:385] - 切换状态: IDLE
2025-12-21 19:56:18,338 [CRITICAL] [logger.py:60] - 未捕获的异常 (Uncaught exception):
Traceback (most recent call last):
  File "/Volumes/home/mac/robin/bongo/main.py", line 40, in <module>
    main()
  File "/Volumes/home/mac/robin/bongo/main.py", line 17, in main
    pet = PetWindow()
          ^^^^^^^^^^^
  File "/Volumes/home/mac/robin/bongo/src/pet_window.py", line 27, in __init__
    self.load_assets() # 再加载资源
    ^^^^^^^^^^^^^^^^^^
  File "/Volumes/home/mac/robin/bongo/src/pet_window.py", line 377, in load_assets
    self.set_state(PetState.IDLE)
  File "/Volumes/home/mac/robin/bongo/src/pet_window.py", line 388, in set_state
    self.image_label.setPixmap(pixmap)
    ^^^^^^^^^^^^^^^^
AttributeError: 'PetWindow' object has no attribute 'image_label'
2025-12-21 19:56:36,757 [INFO] [logger.py:71] - 日志系统已启动 (Log system initialized).
2025-12-21 19:56:36,761 [INFO] [main.py:12] - 启动应用程序...
2025-12-21 19:56:36,852 [INFO] [pet_window.py:16] - 初始化 PetWindow...
2025-12-21 19:56:36,854 [INFO] [item_manager.py:39] - 成功加载物品数据库，共 52 种物品。
2025-12-21 19:56:36,860 [INFO] [cultivator.py:344] - 数据已加载
2025-12-21 19:56:36,875 [DEBUG] [pet_window.py:385] - 切换状态: IDLE
2025-12-21 19:56:36,875 [CRITICAL] [logger.py:60] - 未捕获的异常 (Uncaught exception):
Traceback (most recent call last):
  File "/Volumes/home/mac/robin/bongo/main.py", line 40, in <module>
    main()
  File "/Volumes/home/mac/robin/bongo/main.py", line 17, in main
    pet = PetWindow()
          ^^^^^^^^^^^
  File "/Volumes/home/mac/robin/bongo/src/pet_window.py", line 27, in __init__
    self.load_assets() # 再加载资源
    ^^^^^^^^^^^^^^^^^^
  File "/Volumes/home/mac/robin/bongo/src/pet_window.py", line 377, in load_assets
    self.set_state(PetState.IDLE)
  File "/Volumes/home/mac/robin/bongo/src/pet_window.py", line 388, in set_state
    self.image_label.setPixmap(pixmap)
    ^^^^^^^^^^^^^^^^
AttributeError: 'PetWindow' object has no attribute 'image_label'
2025-12-21 19:56:45,181 [INFO] [logger.py:71] - 日志系统已启动 (Log system initialized).
2025-12-21 19:56:45,182 [INFO] [main.py:12] - 启动应用程序...
2025-12-21 19:56:45,276 [INFO] [pet_window.py:16] - 初始化 PetWindow...
2025-12-21 19:56:45,279 [INFO] [item_manager.py:39] - 成功加载物品数据库，共 52 种物品。
2025-12-21 19:56:45,284 [INFO] [cultivator.py:344] - 数据已加载
2025-12-21 19:56:45,300 [DEBUG] [pet_window.py:385] - 切换状态: IDLE
2025-12-21 19:56:45,300 [CRITICAL] [logger.py:60] - 未捕获的异常 (Uncaught exception):
Traceback (most recent call last):
  File "/Volumes/home/mac/robin/bongo/main.py", line 40, in <module>
    main()
  File "/Volumes/home/mac/robin/bongo/main.py", line 17, in main
    pet = PetWindow()
          ^^^^^^^^^^^
  File "/Volumes/home/mac/robin/bongo/src/pet_window.py", line 27, in __init__
    self.load_assets() # 再加载资源
    ^^^^^^^^^^^^^^^^^^
  File "/Volumes/home/mac/robin/bongo/src/pet_window.py", line 377, in load_assets
    self.set_state(PetState.IDLE)
  File "/Volumes/home/mac/robin/bongo/src/pet_window.py", line 388, in set_state
    self.image_label.setPixmap(pixmap)
    ^^^^^^^^^^^^^^^^
AttributeError: 'PetWindow' object has no attribute 'image_label'
2025-12-21 19:56:58,638 [INFO] [logger.py:71] - 日志系统已启动 (Log system initialized).
2025-12-21 19:56:58,642 [INFO] [main.py:12] - 启动应用程序...
2025-12-21 19:56:58,739 [INFO] [pet_window.py:16] - 初始化 PetWindow...
2025-12-21 19:56:58,741 [INFO] [item_manager.py:39] - 成功加载物品数据库，共 52 种物品。
2025-12-21 19:56:58,746 [INFO] [cultivator.py:344] - 数据已加载
2025-12-21 19:56:58,762 [DEBUG] [pet_window.py:385] - 切换状态: IDLE
2025-12-21 19:56:58,762 [CRITICAL] [logger.py:60] - 未捕获的异常 (Uncaught exception):
Traceback (most recent call last):
  File "/Volumes/home/mac/robin/bongo/main.py", line 40, in <module>
    main()
  File "/Volumes/home/mac/robin/bongo/main.py", line 17, in main
    pet = PetWindow()
          ^^^^^^^^^^^
  File "/Volumes/home/mac/robin/bongo/src/pet_window.py", line 27, in __init__
    self.load_assets() # 只有在UI初始化后才能加载资源
    ^^^^^^^^^^^^^^^^^^
  File "/Volumes/home/mac/robin/bongo/src/pet_window.py", line 377, in load_assets
    self.set_state(PetState.IDLE)
  File "/Volumes/home/mac/robin/bongo/src/pet_window.py", line 388, in set_state
    self.image_label.setPixmap(pixmap)
    ^^^^^^^^^^^^^^^^
AttributeError: 'PetWindow' object has no attribute 'image_label'
2025-12-21 19:57:26,159 [DEBUG] [pet_window.py:349] - 切换状态: COMBAT
2025-12-21 19:57:32,160 [DEBUG] [pet_window.py:349] - 切换状态: IDLE
2025-12-21 19:58:42,523 [INFO] [logger.py:71] - 日志系统已启动 (Log system initialized).
2025-12-21 19:58:42,532 [INFO] [main.py:12] - 启动应用程序...
2025-12-21 19:58:42,628 [INFO] [pet_window.py:16] - 初始化 PetWindow...
2025-12-21 19:58:42,633 [INFO] [item_manager.py:39] - 成功加载物品数据库，共 52 种物品。
2025-12-21 19:58:42,646 [INFO] [cultivator.py:344] - 数据已加载
2025-12-21 19:58:42,664 [DEBUG] [pet_window.py:383] - 切换状态: IDLE
2025-12-21 19:58:55,777 [INFO] [pet_window.py:168] - 程序关闭，保存数据...
2025-12-21 19:58:55,788 [INFO] [cultivator.py:321] - 数据已保存
2025-12-21 19:59:01,225 [INFO] [main.py:30] - 用户强制退出 (SIGINT)
2025-12-21 19:59:01,225 [INFO] [pet_window.py:168] - 程序关闭，保存数据...
2025-12-21 19:59:01,232 [INFO] [cultivator.py:321] - 数据已保存
2025-12-21 20:01:55,027 [INFO] [logger.py:71] - 日志系统已启动 (Log system initialized).
2025-12-21 20:01:55,051 [INFO] [main.py:12] - 启动应用程序...
2025-12-21 20:01:55,180 [INFO] [pet_window.py:16] - 初始化 PetWindow...
2025-12-21 20:01:55,183 [INFO] [item_manager.py:39] - 成功加载物品数据库，共 52 种物品。
2025-12-21 20:01:55,184 [INFO] [event_manager.py:24] - 成功加载 4 个随机事件
2025-12-21 20:01:55,200 [INFO] [cultivator.py:358] - 数据已加载
2025-12-21 20:01:55,222 [DEBUG] [pet_window.py:383] - 切换状态: IDLE
2025-12-21 20:02:05,390 [INFO] [main.py:30] - 用户强制退出 (SIGINT)
2025-12-21 20:02:05,390 [INFO] [pet_window.py:168] - 程序关闭，保存数据...
2025-12-21 20:02:05,400 [INFO] [cultivator.py:335] - 数据已保存
2025-12-21 20:02:51,205 [INFO] [logger.py:71] - 日志系统已启动 (Log system initialized).
2025-12-21 20:02:51,217 [INFO] [main.py:12] - 启动应用程序...
2025-12-21 20:02:51,319 [INFO] [pet_window.py:16] - 初始化 PetWindow...
2025-12-21 20:02:51,321 [INFO] [item_manager.py:39] - 成功加载物品数据库，共 52 种物品。
2025-12-21 20:02:51,322 [INFO] [event_manager.py:24] - 成功加载 4 个随机事件
2025-12-21 20:02:51,332 [INFO] [cultivator.py:399] - 数据已加载
2025-12-21 20:02:51,349 [DEBUG] [pet_window.py:383] - 切换状态: IDLE
2025-12-21 20:03:00,559 [INFO] [main.py:30] - 用户强制退出 (SIGINT)
2025-12-21 20:03:00,560 [INFO] [pet_window.py:168] - 程序关闭，保存数据...
2025-12-21 20:03:00,567 [INFO] [cultivator.py:376] - 数据已保存
2025-12-21 20:03:42,342 [INFO] [logger.py:71] - 日志系统已启动 (Log system initialized).
2025-12-21 20:03:42,353 [INFO] [main.py:12] - 启动应用程序...
2025-12-21 20:03:42,462 [INFO] [pet_window.py:16] - 初始化 PetWindow...
2025-12-21 20:03:42,466 [INFO] [item_manager.py:39] - 成功加载物品数据库，共 52 种物品。
2025-12-21 20:03:42,468 [INFO] [event_manager.py:24] - 成功加载 4 个随机事件
2025-12-21 20:03:42,483 [INFO] [cultivator.py:399] - 数据已加载
2025-12-21 20:03:42,503 [DEBUG] [pet_window.py:383] - 切换状态: IDLE
2025-12-21 20:03:51,382 [INFO] [main.py:30] - 用户强制退出 (SIGINT)
2025-12-21 20:03:51,382 [INFO] [pet_window.py:168] - 程序关闭，保存数据...
2025-12-21 20:03:51,392 [INFO] [cultivator.py:376] - 数据已保存
2025-12-21 20:05:03,584 [INFO] [logger.py:71] - 日志系统已启动 (Log system initialized).
2025-12-21 20:05:03,593 [INFO] [main.py:12] - 启动应用程序...
2025-12-21 20:05:03,691 [INFO] [pet_window.py:16] - 初始化 PetWindow...
2025-12-21 20:05:03,695 [INFO] [item_manager.py:39] - 成功加载物品数据库，共 52 种物品。
2025-12-21 20:05:03,697 [INFO] [event_manager.py:24] - 成功加载 4 个随机事件
2025-12-21 20:05:03,710 [INFO] [cultivator.py:419] - 数据已加载
2025-12-21 20:05:03,726 [DEBUG] [pet_window.py:383] - 切换状态: IDLE
2025-12-21 20:05:43,660 [DEBUG] [pet_window.py:383] - 切换状态: COMBAT
2025-12-21 20:05:50,660 [DEBUG] [pet_window.py:383] - 切换状态: IDLE
2025-12-21 20:06:34,946 [INFO] [logger.py:71] - 日志系统已启动 (Log system initialized).
2025-12-21 20:06:34,956 [INFO] [main.py:12] - 启动应用程序...
2025-12-21 20:06:35,051 [INFO] [pet_window.py:16] - 初始化 PetWindow...
2025-12-21 20:06:35,056 [INFO] [item_manager.py:39] - 成功加载物品数据库，共 52 种物品。
2025-12-21 20:06:35,058 [INFO] [event_manager.py:24] - 成功加载 4 个随机事件
2025-12-21 20:06:35,067 [INFO] [cultivator.py:419] - 数据已加载
2025-12-21 20:06:35,086 [DEBUG] [pet_window.py:383] - 切换状态: IDLE
2025-12-21 20:07:15,699 [INFO] [logger.py:71] - 日志系统已启动 (Log system initialized).
2025-12-21 20:07:15,712 [INFO] [main.py:12] - 启动应用程序...
2025-12-21 20:07:15,812 [INFO] [pet_window.py:16] - 初始化 PetWindow...
2025-12-21 20:07:15,819 [INFO] [item_manager.py:39] - 成功加载物品数据库，共 52 种物品。
2025-12-21 20:07:15,824 [INFO] [event_manager.py:24] - 成功加载 4 个随机事件
2025-12-21 20:07:15,835 [INFO] [cultivator.py:430] - 数据已加载
2025-12-21 20:07:15,853 [DEBUG] [pet_window.py:383] - 切换状态: IDLE
2025-12-21 20:07:46,688 [INFO] [logger.py:71] - 日志系统已启动 (Log system initialized).
2025-12-21 20:07:46,697 [INFO] [main.py:12] - 启动应用程序...
2025-12-21 20:07:46,798 [INFO] [pet_window.py:16] - 初始化 PetWindow...
2025-12-21 20:07:46,801 [INFO] [item_manager.py:39] - 成功加载物品数据库，共 52 种物品。
2025-12-21 20:07:46,803 [INFO] [event_manager.py:24] - 成功加载 4 个随机事件
2025-12-21 20:07:46,812 [INFO] [cultivator.py:102] - 坊市商品已刷新
2025-12-21 20:07:46,812 [INFO] [cultivator.py:449] - 数据已加载
2025-12-21 20:07:46,831 [DEBUG] [pet_window.py:383] - 切换状态: IDLE
2025-12-21 20:10:03,661 [CRITICAL] [logger.py:60] - 未捕获的异常 (Uncaught exception):
Traceback (most recent call last):
  File "/Volumes/home/mac/robin/bongo/src/pet_window.py", line 73, in game_loop
    gain_msg, state_code = self.cultivator.update(kb_apm, mouse_apm)
                           ^^^^^^^^^^^^^^^^^^^^^^^^^^^^^^^^^^^^^^^^^
  File "/Volumes/home/mac/robin/bongo/src/cultivator.py", line 332, in update
    # 应用心魔惩罚
          ^^^
  File "/Volumes/home/mac/robin/bongo/src/event_manager.py", line 37, in get_random_event
    if self._check_conditions(event, cultivator):
       ^^^^^^^^^^^^^^^^^^^^^^^^^^^^^^^^^^^^^^^^^
  File "/Volumes/home/mac/robin/bongo/src/event_manager.py", line 58, in _check_conditions
    if 'min_layer' in conditions and cultivator.layer < conditions['min_layer']:
                                     ^^^^^^^^^^^^^^^^
AttributeError: 'Cultivator' object has no attribute 'layer'
2025-12-21 20:11:34,359 [INFO] [pet_window.py:168] - 程序关闭，保存数据...
2025-12-21 20:11:34,371 [INFO] [cultivator.py:396] - 数据已保存
2025-12-21 20:11:35,159 [CRITICAL] [logger.py:60] - 未捕获的异常 (Uncaught exception):
Traceback (most recent call last):
  File "/Volumes/home/mac/robin/bongo/src/pet_window.py", line 73, in game_loop
    gain_msg, state_code = self.cultivator.update(kb_apm, mouse_apm)
                           ^^^^^^^^^^^^^^^^^^^^^^^^^^^^^^^^^^^^^^^^^
  File "/Volumes/home/mac/robin/bongo/src/cultivator.py", line 332, in update
    # 应用心魔惩罚
          ^^^
  File "/Volumes/home/mac/robin/bongo/src/event_manager.py", line 37, in get_random_event
    if self._check_conditions(event, cultivator):
       ^^^^^^^^^^^^^^^^^^^^^^^^^^^^^^^^^^^^^^^^^
  File "/Volumes/home/mac/robin/bongo/src/event_manager.py", line 58, in _check_conditions
    if 'min_layer' in conditions and cultivator.layer < conditions['min_layer']:
                                     ^^^^^^^^^^^^^^^^
AttributeError: 'Cultivator' object has no attribute 'layer'
2025-12-21 20:11:36,285 [INFO] [pet_window.py:168] - 程序关闭，保存数据...
2025-12-21 20:11:36,296 [INFO] [cultivator.py:396] - 数据已保存
2025-12-21 20:11:37,790 [INFO] [pet_window.py:168] - 程序关闭，保存数据...
2025-12-21 20:11:37,802 [INFO] [cultivator.py:407] - 数据已保存
2025-12-21 20:11:39,349 [INFO] [pet_window.py:168] - 程序关闭，保存数据...
2025-12-21 20:11:39,363 [INFO] [cultivator.py:409] - 数据已保存
2025-12-21 20:16:49,289 [INFO] [logger.py:71] - 日志系统已启动 (Log system initialized).
2025-12-21 20:16:49,304 [INFO] [main.py:12] - 启动应用程序...
2025-12-21 20:16:49,422 [INFO] [pet_window.py:16] - 初始化 PetWindow...
2025-12-21 20:16:49,428 [INFO] [item_manager.py:39] - 成功加载物品数据库，共 52 种物品。
2025-12-21 20:16:49,431 [INFO] [event_manager.py:24] - 成功加载 4 个随机事件
2025-12-21 20:16:49,453 [INFO] [cultivator.py:449] - 数据已加载
2025-12-21 20:16:49,501 [DEBUG] [pet_window.py:383] - 切换状态: IDLE
2025-12-21 20:18:00,311 [DEBUG] [pet_window.py:383] - 切换状态: ALCHEMY
2025-12-21 20:18:00,316 [INFO] [pet_window.py:127] - 开始炼制: pill_five
2025-12-21 20:18:00,660 [WARNING] [pet_window.py:58] - 炼丹失败: APM过高 (60)
2025-12-21 20:18:00,661 [DEBUG] [pet_window.py:383] - 切换状态: COMBAT
2025-12-21 20:18:01,660 [DEBUG] [pet_window.py:383] - 切换状态: IDLE
2025-12-21 20:18:39,660 [DEBUG] [pet_window.py:383] - 切换状态: COMBAT
2025-12-21 20:18:52,660 [DEBUG] [pet_window.py:383] - 切换状态: IDLE
2025-12-21 20:21:49,660 [CRITICAL] [logger.py:60] - 未捕获的异常 (Uncaught exception):
Traceback (most recent call last):
  File "/Volumes/home/mac/robin/bongo/src/pet_window.py", line 73, in game_loop
    gain_msg, state_code = self.cultivator.update(kb_apm, mouse_apm)
                           ^^^^^^^^^^^^^^^^^^^^^^^^^^^^^^^^^^^^^^^^^
  File "/Volumes/home/mac/robin/bongo/src/cultivator.py", line 343, in update
    event = self.event_manager.get_random_event(self)
            ^^^^^^^^^^^^^^^^^^^^^^^^^^^^^^^^^^^^^^^^^
  File "/Volumes/home/mac/robin/bongo/src/event_manager.py", line 37, in get_random_event
    if self._check_conditions(event, cultivator):
       ^^^^^^^^^^^^^^^^^^^^^^^^^^^^^^^^^^^^^^^^^
  File "/Volumes/home/mac/robin/bongo/src/event_manager.py", line 58, in _check_conditions
    if 'min_layer' in conditions and cultivator.layer < conditions['min_layer']:
                                     ^^^^^^^^^^^^^^^^
AttributeError: 'Cultivator' object has no attribute 'layer'
2025-12-21 20:26:49,661 [CRITICAL] [logger.py:60] - 未捕获的异常 (Uncaught exception):
Traceback (most recent call last):
  File "/Volumes/home/mac/robin/bongo/src/pet_window.py", line 73, in game_loop
    gain_msg, state_code = self.cultivator.update(kb_apm, mouse_apm)
                           ^^^^^^^^^^^^^^^^^^^^^^^^^^^^^^^^^^^^^^^^^
  File "/Volumes/home/mac/robin/bongo/src/cultivator.py", line 343, in update
    event = self.event_manager.get_random_event(self)
            ^^^^^^^^^^^^^^^^^^^^^^^^^^^^^^^^^^^^^^^^^
  File "/Volumes/home/mac/robin/bongo/src/event_manager.py", line 37, in get_random_event
    if self._check_conditions(event, cultivator):
       ^^^^^^^^^^^^^^^^^^^^^^^^^^^^^^^^^^^^^^^^^
  File "/Volumes/home/mac/robin/bongo/src/event_manager.py", line 58, in _check_conditions
    if 'min_layer' in conditions and cultivator.layer < conditions['min_layer']:
                                     ^^^^^^^^^^^^^^^^
AttributeError: 'Cultivator' object has no attribute 'layer'
2025-12-21 20:27:12,660 [DEBUG] [pet_window.py:383] - 切换状态: COMBAT
2025-12-21 20:27:16,660 [DEBUG] [pet_window.py:383] - 切换状态: IDLE
2025-12-21 20:30:49,960 [INFO] [main.py:30] - 用户强制退出 (SIGINT)
2025-12-21 20:30:49,960 [INFO] [pet_window.py:168] - 程序关闭，保存数据...
2025-12-21 20:30:49,970 [INFO] [cultivator.py:409] - 数据已保存
2025-12-21 20:30:52,262 [INFO] [logger.py:71] - 日志系统已启动 (Log system initialized).
2025-12-21 20:30:52,268 [INFO] [main.py:12] - 启动应用程序...
2025-12-21 20:30:52,375 [INFO] [pet_window.py:16] - 初始化 PetWindow...
2025-12-21 20:30:52,378 [INFO] [item_manager.py:39] - 成功加载物品数据库，共 52 种物品。
2025-12-21 20:30:52,379 [INFO] [event_manager.py:24] - 成功加载 4 个随机事件
2025-12-21 20:30:52,387 [INFO] [cultivator.py:449] - 数据已加载
2025-12-21 20:30:52,425 [DEBUG] [pet_window.py:428] - 切换状态: IDLE
2025-12-21 20:30:57,660 [DEBUG] [pet_window.py:428] - 切换状态: COMBAT
2025-12-21 20:31:02,660 [DEBUG] [pet_window.py:428] - 切换状态: IDLE
2025-12-21 20:31:13,740 [INFO] [pet_window.py:168] - 程序关闭，保存数据...
2025-12-21 20:31:13,756 [INFO] [cultivator.py:409] - 数据已保存
2025-12-21 20:38:50,085 [INFO] [logger.py:71] - 日志系统已启动 (Log system initialized).
2025-12-21 20:38:50,136 [INFO] [main.py:12] - 启动应用程序...
2025-12-21 20:38:50,243 [INFO] [pet_window.py:16] - 初始化 PetWindow...
2025-12-21 20:38:50,248 [INFO] [item_manager.py:39] - 成功加载物品数据库，共 52 种物品。
2025-12-21 20:38:50,251 [INFO] [event_manager.py:24] - 成功加载 4 个随机事件
2025-12-21 20:38:50,269 [INFO] [cultivator.py:449] - 数据已加载
2025-12-21 20:38:50,314 [DEBUG] [pet_window.py:453] - 切换状态: IDLE
2025-12-21 20:38:50,334 [INFO] [pet_window.py:262] - 开启鼠标穿透模式 (Ghost Mode)
2025-12-21 20:39:08,161 [DEBUG] [pet_window.py:453] - 切换状态: COMBAT
2025-12-21 20:39:08,210 [INFO] [main.py:30] - 用户强制退出 (SIGINT)
2025-12-21 20:39:08,210 [INFO] [pet_window.py:170] - 程序关闭，保存数据...
2025-12-21 20:39:08,223 [INFO] [cultivator.py:409] - 数据已保存
2025-12-21 20:41:04,106 [INFO] [logger.py:71] - 日志系统已启动 (Log system initialized).
2025-12-21 20:41:04,123 [INFO] [main.py:12] - 启动应用程序...
2025-12-21 20:41:04,224 [INFO] [pet_window.py:16] - 初始化 PetWindow...
2025-12-21 20:41:04,230 [INFO] [item_manager.py:39] - 成功加载物品数据库，共 52 种物品。
2025-12-21 20:41:04,233 [INFO] [event_manager.py:24] - 成功加载 4 个随机事件
2025-12-21 20:41:04,245 [INFO] [cultivator.py:449] - 数据已加载
2025-12-21 20:41:04,275 [DEBUG] [pet_window.py:453] - 切换状态: IDLE
2025-12-21 20:41:04,293 [INFO] [pet_window.py:262] - 开启鼠标穿透模式 (Ghost Mode)
2025-12-21 20:41:15,911 [INFO] [main.py:30] - 用户强制退出 (SIGINT)
2025-12-21 20:41:15,913 [INFO] [pet_window.py:170] - 程序关闭，保存数据...
2025-12-21 20:41:15,922 [INFO] [cultivator.py:409] - 数据已保存
2025-12-21 20:49:36,541 [INFO] [logger.py:71] - 日志系统已启动 (Log system initialized).
2025-12-21 20:49:36,572 [INFO] [main.py:12] - 启动应用程序...
2025-12-21 20:49:36,677 [INFO] [pet_window.py:16] - 初始化 PetWindow...
2025-12-21 20:49:36,681 [INFO] [item_manager.py:39] - 成功加载物品数据库，共 52 种物品。
2025-12-21 20:49:36,683 [INFO] [event_manager.py:24] - 成功加载 4 个随机事件
2025-12-21 20:49:36,702 [INFO] [cultivator.py:449] - 数据已加载
2025-12-21 20:49:36,746 [DEBUG] [pet_window.py:496] - 切换状态: IDLE
2025-12-21 20:49:36,766 [INFO] [pet_window.py:266] - 关闭鼠标穿透模式
2025-12-21 20:50:16,369 [INFO] [pet_window.py:262] - 开启鼠标穿透模式 (Ghost Mode)
2025-12-21 20:50:27,509 [INFO] [pet_window.py:266] - 关闭鼠标穿透模式
2025-12-21 20:50:34,961 [INFO] [pet_window.py:262] - 开启鼠标穿透模式 (Ghost Mode)
2025-12-21 20:50:37,666 [INFO] [pet_window.py:266] - 关闭鼠标穿透模式
2025-12-21 20:50:43,312 [INFO] [main.py:30] - 用户强制退出 (SIGINT)
2025-12-21 20:50:43,315 [INFO] [pet_window.py:170] - 程序关闭，保存数据...
2025-12-21 20:50:43,325 [INFO] [cultivator.py:409] - 数据已保存
2025-12-21 20:56:53,850 [INFO] [logger.py:71] - 日志系统已启动 (Log system initialized).
2025-12-21 20:56:53,861 [INFO] [main.py:12] - 启动应用程序...
2025-12-21 20:56:53,956 [INFO] [pet_window.py:16] - 初始化 PetWindow...
2025-12-21 20:56:53,959 [INFO] [item_manager.py:39] - 成功加载物品数据库，共 52 种物品。
2025-12-21 20:56:53,961 [INFO] [event_manager.py:24] - 成功加载 4 个随机事件
2025-12-21 20:56:53,971 [INFO] [cultivator.py:449] - 数据已加载
2025-12-21 20:56:54,014 [DEBUG] [pet_window.py:511] - 切换状态: IDLE
2025-12-21 20:56:54,029 [INFO] [pet_window.py:271] - 关闭鼠标穿透模式
2025-12-21 20:57:32,203 [INFO] [pet_window.py:265] - 开启鼠标穿透模式 (Ghost Mode)
2025-12-21 20:57:42,058 [INFO] [pet_window.py:271] - 关闭鼠标穿透模式
2025-12-21 20:57:50,546 [INFO] [pet_window.py:265] - 开启鼠标穿透模式 (Ghost Mode)
2025-12-21 20:58:02,286 [INFO] [pet_window.py:271] - 关闭鼠标穿透模式
2025-12-21 20:58:06,765 [INFO] [main.py:30] - 用户强制退出 (SIGINT)
2025-12-21 20:58:06,765 [INFO] [pet_window.py:171] - 程序关闭，保存数据...
2025-12-21 20:58:06,775 [INFO] [cultivator.py:409] - 数据已保存
2025-12-21 21:01:29,080 [INFO] [logger.py:71] - 日志系统已启动 (Log system initialized).
2025-12-21 21:01:29,095 [INFO] [main.py:12] - 启动应用程序...
2025-12-21 21:01:29,202 [INFO] [pet_window.py:16] - 初始化 PetWindow...
2025-12-21 21:01:29,207 [INFO] [item_manager.py:39] - 成功加载物品数据库，共 52 种物品。
2025-12-21 21:01:29,210 [INFO] [event_manager.py:24] - 成功加载 4 个随机事件
2025-12-21 21:01:29,230 [INFO] [cultivator.py:449] - 数据已加载
2025-12-21 21:01:29,279 [DEBUG] [pet_window.py:533] - 切换状态: IDLE
2025-12-21 21:01:29,303 [INFO] [pet_window.py:271] - 关闭鼠标穿透模式
2025-12-21 21:01:50,963 [INFO] [pet_window.py:265] - 开启鼠标穿透模式 (Ghost Mode)
2025-12-21 21:02:00,474 [INFO] [pet_window.py:271] - 关闭鼠标穿透模式
2025-12-21 21:02:09,933 [INFO] [pet_window.py:265] - 开启鼠标穿透模式 (Ghost Mode)
2025-12-21 21:02:14,284 [INFO] [pet_window.py:171] - 程序关闭，保存数据...
2025-12-21 21:02:14,298 [INFO] [cultivator.py:409] - 数据已保存
2025-12-21 21:03:05,146 [INFO] [logger.py:71] - 日志系统已启动 (Log system initialized).
2025-12-21 21:03:05,156 [INFO] [main.py:12] - 启动应用程序...
2025-12-21 21:03:05,254 [INFO] [pet_window.py:16] - 初始化 PetWindow...
2025-12-21 21:03:05,258 [INFO] [item_manager.py:39] - 成功加载物品数据库，共 52 种物品。
2025-12-21 21:03:05,259 [INFO] [event_manager.py:24] - 成功加载 4 个随机事件
2025-12-21 21:03:05,274 [INFO] [cultivator.py:449] - 数据已加载
2025-12-21 21:03:05,298 [DEBUG] [pet_window.py:533] - 切换状态: IDLE
2025-12-21 21:03:05,317 [INFO] [pet_window.py:265] - 开启鼠标穿透模式 (Ghost Mode)
2025-12-21 21:03:07,592 [INFO] [main.py:30] - 用户强制退出 (SIGINT)
2025-12-21 21:03:07,593 [INFO] [pet_window.py:171] - 程序关闭，保存数据...
2025-12-21 21:03:07,606 [INFO] [cultivator.py:409] - 数据已保存
2025-12-21 21:05:27,990 [INFO] [logger.py:71] - 日志系统已启动 (Log system initialized).
2025-12-21 21:05:28,026 [INFO] [main.py:12] - 启动应用程序...
2025-12-21 21:05:28,133 [INFO] [pet_window.py:17] - 初始化 PetWindow...
2025-12-21 21:05:28,138 [INFO] [item_manager.py:39] - 成功加载物品数据库，共 52 种物品。
2025-12-21 21:05:28,141 [INFO] [event_manager.py:24] - 成功加载 4 个随机事件
2025-12-21 21:05:28,164 [INFO] [cultivator.py:449] - 数据已加载
2025-12-21 21:05:28,211 [DEBUG] [pet_window.py:558] - 切换状态: IDLE
2025-12-21 21:05:28,230 [INFO] [pet_window.py:280] - 关闭鼠标穿透模式
2025-12-21 21:05:36,159 [DEBUG] [pet_window.py:558] - 切换状态: COMBAT
2025-12-21 21:05:41,158 [DEBUG] [pet_window.py:558] - 切换状态: IDLE
2025-12-21 21:05:42,538 [INFO] [pet_window.py:274] - 开启鼠标穿透模式 (Ghost Mode)
2025-12-21 21:05:51,584 [INFO] [pet_window.py:280] - 关闭鼠标穿透模式
2025-12-21 21:05:57,021 [INFO] [main.py:30] - 用户强制退出 (SIGINT)
2025-12-21 21:05:57,024 [INFO] [pet_window.py:180] - 程序关闭，保存数据...
2025-12-21 21:05:57,035 [INFO] [cultivator.py:409] - 数据已保存
2025-12-21 21:10:59,358 [INFO] [logger.py:71] - 日志系统已启动 (Log system initialized).
2025-12-21 21:10:59,384 [INFO] [main.py:12] - 启动应用程序...
2025-12-21 21:10:59,491 [INFO] [pet_window.py:16] - 初始化 PetWindow...
2025-12-21 21:10:59,498 [INFO] [item_manager.py:39] - 成功加载物品数据库，共 52 种物品。
2025-12-21 21:10:59,498 [INFO] [event_manager.py:24] - 成功加载 4 个随机事件
2025-12-21 21:10:59,514 [INFO] [cultivator.py:449] - 数据已加载
2025-12-21 21:10:59,556 [DEBUG] [pet_window.py:498] - 切换状态: IDLE
2025-12-21 21:11:05,659 [DEBUG] [pet_window.py:498] - 切换状态: COMBAT
2025-12-21 21:11:08,659 [DEBUG] [pet_window.py:498] - 切换状态: IDLE
2025-12-21 21:11:54,255 [INFO] [pet_window.py:170] - 程序关闭，保存数据...
2025-12-21 21:11:54,268 [INFO] [cultivator.py:409] - 数据已保存
